<?xml version="1.0" encoding="UTF-8"?>
<testsuite xmlns:xsi="http://www.w3.org/2001/XMLSchema-instance" xsi:noNamespaceSchemaLocation="https://maven.apache.org/surefire/maven-surefire-plugin/xsd/surefire-test-report.xsd" version="3.0.2" name="com.example.fullstack_spring.FullstackSpringApplicationTests" time="2.751" tests="1" errors="0" skipped="0" failures="0">
  <properties>
[...]
</properties>
  <testcase name="contextLoads" classname="com.example.fullstack_spring.FullstackSpringApplicationTests" time="0.598">
    <system-out><![CDATA[22:37:08.957 [main] INFO org.springframework.test.context.support.AnnotationConfigContextLoaderUtils -- Could not detect default configuration classes for test class [com.example.fullstack_spring.FullstackSpringApplicationTests]: FullstackSpringApplicationTests does not declare any static, non-private, non-final, nested classes annotated with @Configuration.
22:37:09.028 [main] INFO org.springframework.boot.test.context.SpringBootTestContextBootstrapper -- Found @SpringBootConfiguration com.example.fullstack_spring.FullstackSpringApplication for test class com.example.fullstack_spring.FullstackSpringApplicationTests

  .   ____          _            __ _ _
 /\\ / ___'_ __ _ _(_)_ __  __ _ \ \ \ \
( ( )\___ | '_ | '_| | '_ \/ _` | \ \ \ \
 \\/  ___)| |_)| | | | | || (_| |  ) ) ) )
  '  |____| .__|_| |_|_| |_\__, | / / / /
 =========|_|==============|___/=/_/_/_/

 :: Spring Boot ::                (v3.4.4)

2025-03-30T22:37:09.312+07:00  INFO 30592 --- [fullstack-spring] [           main] c.e.f.FullstackSpringApplicationTests    : Starting FullstackSpringApplicationTests using Java 17.0.9 with PID 30592 (started by Jemmi Epriadi in D:\Projects\fullstack-spring)
2025-03-30T22:37:09.312+07:00  INFO 30592 --- [fullstack-spring] [           main] c.e.f.FullstackSpringApplicationTests    : No active profile set, falling back to 1 default profile: "default"
2025-03-30T22:37:09.619+07:00  INFO 30592 --- [fullstack-spring] [           main] .s.d.r.c.RepositoryConfigurationDelegate : Bootstrapping Spring Data MongoDB repositories in DEFAULT mode.
2025-03-30T22:37:09.652+07:00  INFO 30592 --- [fullstack-spring] [           main] .s.d.r.c.RepositoryConfigurationDelegate : Finished Spring Data repository scanning in 25 ms. Found 3 MongoDB repository interfaces.
2025-03-30T22:37:10.209+07:00  INFO 30592 --- [fullstack-spring] [           main] org.mongodb.driver.client                : MongoClient with metadata {"application": {"name": "Cluster0"}, "driver": {"name": "mongo-java-driver|sync|spring-boot", "version": "5.2.1"}, "os": {"type": "Windows", "name": "Windows 11", "architecture": "amd64", "version": "10.0"}, "platform": "Java/Oracle Corporation/17.0.9+11-LTS-201"} created with settings MongoClientSettings{readPreference=primary, writeConcern=WriteConcern{w=majority, wTimeout=null ms, journal=null}, retryWrites=true, retryReads=true, readConcern=ReadConcern{level=null}, credential=MongoCredential{mechanism=null, userName='jemmyepriadi', source='admin', password=<hidden>, mechanismProperties=<hidden>}, transportSettings=null, commandListeners=[], codecRegistry=ProvidersCodecRegistry{codecProviders=[ValueCodecProvider{}, BsonValueCodecProvider{}, DBRefCodecProvider{}, DBObjectCodecProvider{}, DocumentCodecProvider{}, CollectionCodecProvider{}, IterableCodecProvider{}, MapCodecProvider{}, GeoJsonCodecProvider{}, GridFSFileCodecProvider{}, Jsr310CodecProvider{}, JsonObjectCodecProvider{}, BsonCodecProvider{}, EnumCodecProvider{}, com.mongodb.client.model.mql.ExpressionCodecProvider@7a3b7122, com.mongodb.Jep395RecordCodecProvider@58b5a2f3, com.mongodb.KotlinCodecProvider@25f15f50]}, loggerSettings=LoggerSettings{maxDocumentLength=1000}, clusterSettings={hosts=[127.0.0.1:27017], srvHost=cluster0.f07ybdo.mongodb.net, srvServiceName=mongodb, mode=MULTIPLE, requiredClusterType=REPLICA_SET, requiredReplicaSetName='atlas-ja32b7-shard-0', serverSelector='null', clusterListeners='[]', serverSelectionTimeout='30000 ms', localThreshold='15 ms'}, socketSettings=SocketSettings{connectTimeoutMS=10000, readTimeoutMS=0, receiveBufferSize=0, proxySettings=ProxySettings{host=null, port=null, username=null, password=null}}, heartbeatSocketSettings=SocketSettings{connectTimeoutMS=10000, readTimeoutMS=10000, receiveBufferSize=0, proxySettings=ProxySettings{host=null, port=null, username=null, password=null}}, connectionPoolSettings=ConnectionPoolSettings{maxSize=100, minSize=0, maxWaitTimeMS=120000, maxConnectionLifeTimeMS=0, maxConnectionIdleTimeMS=0, maintenanceInitialDelayMS=0, maintenanceFrequencyMS=60000, connectionPoolListeners=[], maxConnecting=2}, serverSettings=ServerSettings{heartbeatFrequencyMS=10000, minHeartbeatFrequencyMS=500, serverMonitoringMode=AUTO, serverListeners='[]', serverMonitorListeners='[]'}, sslSettings=SslSettings{enabled=true, invalidHostNameAllowed=false, context=null}, applicationName='Cluster0', compressorList=[], uuidRepresentation=JAVA_LEGACY, serverApi=null, autoEncryptionSettings=null, dnsClient=null, inetAddressResolver=null, contextProvider=null, timeoutMS=null}
2025-03-30T22:37:10.327+07:00  INFO 30592 --- [fullstack-spring] [bdo.mongodb.net] org.mongodb.driver.cluster               : Adding discovered server ac-iyvuhek-shard-00-01.f07ybdo.mongodb.net:27017 to client view of cluster
2025-03-30T22:37:10.345+07:00  INFO 30592 --- [fullstack-spring] [bdo.mongodb.net] org.mongodb.driver.cluster               : Adding discovered server ac-iyvuhek-shard-00-00.f07ybdo.mongodb.net:27017 to client view of cluster
2025-03-30T22:37:10.346+07:00  INFO 30592 --- [fullstack-spring] [bdo.mongodb.net] org.mongodb.driver.cluster               : Adding discovered server ac-iyvuhek-shard-00-02.f07ybdo.mongodb.net:27017 to client view of cluster
2025-03-30T22:37:10.904+07:00  INFO 30592 --- [fullstack-spring] [ngodb.net:27017] org.mongodb.driver.cluster               : Monitor thread successfully connected to server with description ServerDescription{address=ac-iyvuhek-shard-00-02.f07ybdo.mongodb.net:27017, type=REPLICA_SET_PRIMARY, cryptd=false, state=CONNECTED, ok=true, minWireVersion=0, maxWireVersion=25, maxDocumentSize=16777216, logicalSessionTimeoutMinutes=30, roundTripTimeNanos=276147200, minRoundTripTimeNanos=0, setName='atlas-ja32b7-shard-0', canonicalAddress=ac-iyvuhek-shard-00-02.f07ybdo.mongodb.net:27017, hosts=[ac-iyvuhek-shard-00-00.f07ybdo.mongodb.net:27017, ac-iyvuhek-shard-00-02.f07ybdo.mongodb.net:27017, ac-iyvuhek-shard-00-01.f07ybdo.mongodb.net:27017], passives=[], arbiters=[], primary='ac-iyvuhek-shard-00-02.f07ybdo.mongodb.net:27017', tagSet=TagSet{[Tag{name='availabilityZone', value='apse1-az3'}, Tag{name='diskState', value='READY'}, Tag{name='nodeType', value='ELECTABLE'}, Tag{name='provider', value='AWS'}, Tag{name='region', value='AP_SOUTHEAST_1'}, Tag{name='workloadType', value='OPERATIONAL'}]}, electionId=7fffffff00000000000003b5, setVersion=111, topologyVersion=TopologyVersion{processId=67d8fa152c9a50a99e301aaa, counter=9}, lastWriteDate=Sun Mar 30 22:37:12 ICT 2025, lastUpdateTimeNanos=113567277509200}
2025-03-30T22:37:10.905+07:00  INFO 30592 --- [fullstack-spring] [ngodb.net:27017] org.mongodb.driver.cluster               : Monitor thread successfully connected to server with description ServerDescription{address=ac-iyvuhek-shard-00-00.f07ybdo.mongodb.net:27017, type=REPLICA_SET_SECONDARY, cryptd=false, state=CONNECTED, ok=true, minWireVersion=0, maxWireVersion=25, maxDocumentSize=16777216, logicalSessionTimeoutMinutes=30, roundTripTimeNanos=276148000, minRoundTripTimeNanos=0, setName='atlas-ja32b7-shard-0', canonicalAddress=ac-iyvuhek-shard-00-00.f07ybdo.mongodb.net:27017, hosts=[ac-iyvuhek-shard-00-00.f07ybdo.mongodb.net:27017, ac-iyvuhek-shard-00-02.f07ybdo.mongodb.net:27017, ac-iyvuhek-shard-00-01.f07ybdo.mongodb.net:27017], passives=[], arbiters=[], primary='ac-iyvuhek-shard-00-02.f07ybdo.mongodb.net:27017', tagSet=TagSet{[Tag{name='availabilityZone', value='apse1-az2'}, Tag{name='diskState', value='READY'}, Tag{name='nodeType', value='ELECTABLE'}, Tag{name='provider', value='AWS'}, Tag{name='region', value='AP_SOUTHEAST_1'}, Tag{name='workloadType', value='OPERATIONAL'}]}, electionId=null, setVersion=111, topologyVersion=TopologyVersion{processId=67dc5c920c233e24ae370991, counter=3}, lastWriteDate=Sun Mar 30 22:37:12 GMT+07:00 2025, lastUpdateTimeNanos=113567277509300}
2025-03-30T22:37:10.905+07:00  INFO 30592 --- [fullstack-spring] [ngodb.net:27017] org.mongodb.driver.cluster               : Monitor thread successfully connected to server with description ServerDescription{address=ac-iyvuhek-shard-00-01.f07ybdo.mongodb.net:27017, type=REPLICA_SET_SECONDARY, cryptd=false, state=CONNECTED, ok=true, minWireVersion=0, maxWireVersion=25, maxDocumentSize=16777216, logicalSessionTimeoutMinutes=30, roundTripTimeNanos=276148100, minRoundTripTimeNanos=0, setName='atlas-ja32b7-shard-0', canonicalAddress=ac-iyvuhek-shard-00-01.f07ybdo.mongodb.net:27017, hosts=[ac-iyvuhek-shard-00-00.f07ybdo.mongodb.net:27017, ac-iyvuhek-shard-00-02.f07ybdo.mongodb.net:27017, ac-iyvuhek-shard-00-01.f07ybdo.mongodb.net:27017], passives=[], arbiters=[], primary='ac-iyvuhek-shard-00-02.f07ybdo.mongodb.net:27017', tagSet=TagSet{[Tag{name='availabilityZone', value='apse1-az1'}, Tag{name='diskState', value='READY'}, Tag{name='nodeType', value='ELECTABLE'}, Tag{name='provider', value='AWS'}, Tag{name='region', value='AP_SOUTHEAST_1'}, Tag{name='workloadType', value='OPERATIONAL'}]}, electionId=null, setVersion=111, topologyVersion=TopologyVersion{processId=67d9ba47909af250b19b8c25, counter=3}, lastWriteDate=Sun Mar 30 22:37:12 GMT+07:00 2025, lastUpdateTimeNanos=113567277509300}
2025-03-30T22:37:10.908+07:00  INFO 30592 --- [fullstack-spring] [ngodb.net:27017] org.mongodb.driver.cluster               : Discovered replica set primary ac-iyvuhek-shard-00-02.f07ybdo.mongodb.net:27017 with max election id 7fffffff00000000000003b5 and max set version 111
2025-03-30T22:37:10.977+07:00  INFO 30592 --- [fullstack-spring] [           main] c.e.f.FullstackSpringApplicationTests    : Started FullstackSpringApplicationTests in 1.832 seconds (process running for 2.419)
]]></system-out>
  </testcase>
</testsuite>